0 info it worked if it ends with ok
1 verbose cli [ 'D:\\Program Files\\nodejs\\node.exe',
1 verbose cli   'D:\\Program Files\\nodejs\\node_modules\\npm\\bin\\npm-cli.js',
1 verbose cli   'start' ]
2 info using npm@3.10.9
3 info using node@v7.2.0
4 verbose run-script [ 'prestart', 'start', 'poststart' ]
5 info lifecycle deadpool-app@0.0.0~prestart: deadpool-app@0.0.0
6 silly lifecycle deadpool-app@0.0.0~prestart: no script for prestart, continuing
7 info lifecycle deadpool-app@0.0.0~start: deadpool-app@0.0.0
8 verbose lifecycle deadpool-app@0.0.0~start: unsafe-perm in lifecycle true
9 verbose lifecycle deadpool-app@0.0.0~start: PATH: D:\Program Files\nodejs\node_modules\npm\bin\node-gyp-bin;D:\IdeaProjects\deadpool_app\node_modules\.bin;C:\ProgramData\Oracle\Java\javapath;C:\Program Files (x86)\Intel\iCLS Client\;C:\Program Files\Intel\iCLS Client\;C:\Windows\system32;C:\Windows;C:\Windows\System32\Wbem;C:\Windows\System32\WindowsPowerShell\v1.0\;C:\Program Files\Intel\Intel(R) Management Engine Components\DAL;C:\Program Files\Intel\Intel(R) Management Engine Components\IPT;C:\Program Files (x86)\Intel\Intel(R) Management Engine Components\DAL;C:\Program Files (x86)\Intel\Intel(R) Management Engine Components\IPT;D:\instantclient;D:\adt_android\sdk\tools;D:\adt_android\sdk\platform-tools;D:\Python27;D:\Java\jdk8\bin;C:\Users\Thomas\AppData\Roaming\npm;D:\activator-1.2.12-minimal;D:\Program Files\MongoDB\Server\3.0\bin;D:\sails\node_modules\.bin;C:\Program Files (x86)\NVIDIA Corporation\PhysX\Common;D:\apache-maven-3.3.3\bin;C:\Users\Thomas\AppData\Roaming\npm;D:\MongoDB\Server\3.2\bin;C:\Program Files (x86)\Windows Kits\8.1\Windows Performance Toolkit\;D:\Program Files\Git\cmd;D:\Program Files\nodejs\;D:\wamp\bin\mysql\mysql5.7.14\bin;D:\wamp\bin\php\php7.0.10\;C:\Users\Thomas\composer;C:\ProgramData\ComposerSetup\bin;D:\Program Files\Docker Toolbox;C:\Users\Thomas\AppData\Roaming\npm;C:\Users\Thomas\AppData\Roaming\Composer\vendor\bin
10 verbose lifecycle deadpool-app@0.0.0~start: CWD: D:\IdeaProjects\deadpool_app
11 silly lifecycle deadpool-app@0.0.0~start: Args: [ '/d /s /c', 'node ./bin/www' ]
12 silly lifecycle deadpool-app@0.0.0~start: Returned: code: 1  signal: null
13 info lifecycle deadpool-app@0.0.0~start: Failed to exec start script
14 verbose stack Error: deadpool-app@0.0.0 start: `node ./bin/www`
14 verbose stack Exit status 1
14 verbose stack     at EventEmitter.<anonymous> (D:\Program Files\nodejs\node_modules\npm\lib\utils\lifecycle.js:255:16)
14 verbose stack     at emitTwo (events.js:106:13)
14 verbose stack     at EventEmitter.emit (events.js:191:7)
14 verbose stack     at ChildProcess.<anonymous> (D:\Program Files\nodejs\node_modules\npm\lib\utils\spawn.js:40:14)
14 verbose stack     at emitTwo (events.js:106:13)
14 verbose stack     at ChildProcess.emit (events.js:191:7)
14 verbose stack     at maybeClose (internal/child_process.js:885:16)
14 verbose stack     at Process.ChildProcess._handle.onexit (internal/child_process.js:226:5)
15 verbose pkgid deadpool-app@0.0.0
16 verbose cwd D:\IdeaProjects\deadpool_app
17 error Windows_NT 6.1.7601
18 error argv "D:\\Program Files\\nodejs\\node.exe" "D:\\Program Files\\nodejs\\node_modules\\npm\\bin\\npm-cli.js" "start"
19 error node v7.2.0
20 error npm  v3.10.9
21 error code ELIFECYCLE
22 error deadpool-app@0.0.0 start: `node ./bin/www`
22 error Exit status 1
23 error Failed at the deadpool-app@0.0.0 start script 'node ./bin/www'.
23 error Make sure you have the latest version of node.js and npm installed.
23 error If you do, this is most likely a problem with the deadpool-app package,
23 error not with npm itself.
23 error Tell the author that this fails on your system:
23 error     node ./bin/www
23 error You can get information on how to open an issue for this project with:
23 error     npm bugs deadpool-app
23 error Or if that isn't available, you can get their info via:
23 error     npm owner ls deadpool-app
23 error There is likely additional logging output above.
24 verbose exit [ 1, true ]
